2024-Jan-10 12:54:10.007 [main] INFO  Base.BaseTest - Runnig Before Class
2024-Jan-10 12:54:11.385 [main] INFO  Base.BaseTest - ---------------------------Execution of the Method is Finished---------------------------
 

2024-Jan-10 12:54:11.386 [main] INFO  Base.BaseTest - ---------------------------report Flush Started---------------------------
 

2024-Jan-10 12:54:11.547 [main] INFO  Base.BaseTest - ---------------------------report Flush Finished---------------------------
 

2024-Jan-10 12:55:19.927 [main] INFO  Base.BaseTest - Runnig Before Class
2024-Jan-10 12:55:21.085 [main] INFO  Base.BaseTest - ---------------------------Execution of the Method is Finished---------------------------
 

2024-Jan-10 12:55:21.085 [main] INFO  Base.BaseTest - ---------------------------report Flush Started---------------------------
 

2024-Jan-10 12:55:21.251 [main] INFO  Base.BaseTest - ---------------------------report Flush Finished---------------------------
 

2024-Jan-10 12:56:25.549 [main] INFO  Base.BaseTest - Runnig Before Class
2024-Jan-10 12:56:26.513 [main] INFO  Base.BaseTest - ---------------------------Execution of the Method is Finished---------------------------
 

2024-Jan-10 12:56:26.513 [main] INFO  Base.BaseTest - ---------------------------report Flush Started---------------------------
 

2024-Jan-10 12:56:26.672 [main] INFO  Base.BaseTest - ---------------------------report Flush Finished---------------------------
 

2024-Jan-10 12:56:54.817 [main] INFO  Base.BaseTest - Runnig Before Class
2024-Jan-10 12:56:55.597 [main] INFO  Base.BaseTest - ---------------------------Execution of the Method is Finished---------------------------
 

2024-Jan-10 12:56:55.598 [main] INFO  Base.BaseTest - ---------------------------report Flush Started---------------------------
 

2024-Jan-10 12:56:55.832 [main] INFO  Base.BaseTest - ---------------------------report Flush Finished---------------------------
 

2024-Jan-10 12:58:00.573 [main] INFO  Base.BaseTest - Runnig Before Class
2024-Jan-10 12:59:23.723 [main] INFO  Base.BaseTest - starting: test
2024-Jan-10 12:59:25.100 [main] INFO  Base.BaseTest - ---------------------------Execution of the Method is Finished---------------------------
 

2024-Jan-10 12:59:25.100 [main] INFO  Base.BaseTest - ---------------------------report Flush Started---------------------------
 

2024-Jan-10 12:59:25.292 [main] INFO  Base.BaseTest - ---------------------------report Flush Finished---------------------------
 

